<?xml version="1.0" encoding="UTF-8" standalone="no"?>
<fileLog>
<createdFiles>
<entry name="scripts\templates\standalone\Traverse sites tree.js" shared="false" uninstallMode="0"/>
<entry name=".install4j\installation.log" shared="false" uninstallMode="0"/>
<entry name="lang\vulnerabilities_sk_SK.xml" shared="false" uninstallMode="0"/>
<entry name=".install4j\i4jinst.dll" shared="false" uninstallMode="0"/>
<entry name="lang\vulnerabilities_pt_PT.xml" shared="false" uninstallMode="0"/>
<entry name="lang\Messages_nb_NO.properties" shared="false" uninstallMode="0"/>
<entry name="lib\java-semver-0.9.0.jar" shared="false" uninstallMode="0"/>
<entry name=".install4j\i4j_extf_15_1bmhzww_1pa6cgr.png" shared="false" uninstallMode="2"/>
<entry name="lang\vulnerabilities_fil_PH.xml" shared="false" uninstallMode="0"/>
<entry name=".install4j\i4j_extf_11_1bmhzww.utf8" shared="false" uninstallMode="2"/>
<entry name="lib\commons-io-2.8.0.jar" shared="false" uninstallMode="0"/>
<entry name="lang\vulnerabilities_zh_CN.xml" shared="false" uninstallMode="0"/>
<entry name="license\ApacheLicense-2.0.txt" shared="false" uninstallMode="0"/>
<entry name=".install4j\i4jparams.conf" shared="false" uninstallMode="2"/>
<entry name=".install4j\i4j_extf_17_1bmhzww_6twyc5.png" shared="false" uninstallMode="2"/>
<entry name="plugin\domxss-beta-10.zap" shared="false" uninstallMode="0"/>
<entry name="plugin\fuzz-beta-13.1.0.zap" shared="false" uninstallMode="0"/>
<entry name="lang\Messages_pt_BR.properties" shared="false" uninstallMode="0"/>
<entry name="lang\vulnerabilities_ro_RO.xml" shared="false" uninstallMode="0"/>
<entry name="lib\rsyntaxtextarea-3.1.1.jar" shared="false" uninstallMode="0"/>
<entry name="lang\vulnerabilities_sl_SI.xml" shared="false" uninstallMode="0"/>
<entry name="plugin\quickstart-release-29.zap" shared="false" uninstallMode="0"/>
<entry name="lang\Messages_az_AZ.properties" shared="false" uninstallMode="0"/>
<entry name="plugin\retire-release-0.6.0.zap" shared="false" uninstallMode="0"/>
<entry name="lib\log4j-core-2.14.0.jar" shared="false" uninstallMode="0"/>
<entry name="lang\vulnerabilities_sq_AL.xml" shared="false" uninstallMode="0"/>
<entry name="lang\Messages_nl_NL.properties" shared="false" uninstallMode="0"/>
<entry name=".install4j\i4jruntime.jar" shared="false" uninstallMode="2"/>
<entry name="db\zapdb.properties" shared="false" uninstallMode="0"/>
<entry name="lang\vulnerabilities_tr_TR.xml" shared="false" uninstallMode="0"/>
<entry name="lang\Messages_ms_MY.properties" shared="false" uninstallMode="0"/>
<entry name="lang\vulnerabilities_he_IL.xml" shared="false" uninstallMode="0"/>
<entry name=".install4j\MessagesDefault" shared="false" uninstallMode="2"/>
<entry name="lang\vulnerabilities_bn_BD.xml" shared="false" uninstallMode="0"/>
<entry name="db\mysql.properties" shared="false" uninstallMode="0"/>
<entry name="scripts\templates\targeted\Find HTML comments.js" shared="false" uninstallMode="0"/>
<entry name="lang\Messages_sr_CS.properties" shared="false" uninstallMode="0"/>
<entry name="C:\ProgramData\Microsoft\Windows\Start Menu\Programs\OWASP\Zed Attack Proxy\OWASP Zed Attack Proxy Uninstaller.lnk" shared="false" uninstallMode="2"/>
<entry name="lang\Messages_ru_RU.properties" shared="false" uninstallMode="0"/>
<entry name=".install4j\i4j_extf_10_1bmhzww.utf8" shared="false" uninstallMode="2"/>
<entry name="scripts\templates\active\Active default template.js" shared="false" uninstallMode="0"/>
<entry name="plugin\diff-beta-10.zap" shared="false" uninstallMode="0"/>
<entry name="plugin\tips-beta-7.zap" shared="false" uninstallMode="0"/>
<entry name="lang\Messages_es_ES.properties" shared="false" uninstallMode="0"/>
<entry name="lib\commons-csv-1.8.jar" shared="false" uninstallMode="0"/>
<entry name="lang\vulnerabilities_el_GR.xml" shared="false" uninstallMode="0"/>
<entry name="scripts\templates\httpsender\HttpSender default template.js" shared="false" uninstallMode="0"/>
<entry name="lang\Messages_ceb_PH.properties" shared="false" uninstallMode="0"/>
<entry name="lang\Messages_el_GR.properties" shared="false" uninstallMode="0"/>
<entry name="lang\vulnerabilities_hi_IN.xml" shared="false" uninstallMode="0"/>
<entry name="C:\ProgramData\Microsoft\Windows\Start Menu\Programs\OWASP\Zed Attack Proxy\ZAP homepage.url" shared="false" uninstallMode="2"/>
<entry name="license\hsqldb_lic.txt" shared="false" uninstallMode="0"/>
<entry name="lib\jfreechart-1.5.1.jar" shared="false" uninstallMode="0"/>
<entry name="lib\json-lib-2.4-jdk15.jar" shared="false" uninstallMode="0"/>
<entry name="lang\Messages_hr_HR.properties" shared="false" uninstallMode="0"/>
<entry name="lang\vulnerabilities_az_AZ.xml" shared="false" uninstallMode="0"/>
<entry name="zap.sh" shared="false" uninstallMode="0"/>
<entry name=".install4j\user.jar" shared="false" uninstallMode="2"/>
<entry name="lang\Messages_id_ID.properties" shared="false" uninstallMode="0"/>
<entry name="lang\Messages_pcm_NG.properties" shared="false" uninstallMode="0"/>
<entry name="lang\Messages_pt_PT.properties" shared="false" uninstallMode="0"/>
<entry name="README" shared="false" uninstallMode="0"/>
<entry name="C:\ProgramData\Microsoft\Windows\Start Menu\Programs\OWASP\Zed Attack Proxy\ZAP 2.10.0.lnk" shared="false" uninstallMode="2"/>
<entry name="zap-2.10.0.jar" shared="false" uninstallMode="0"/>
<entry name="lang\Messages_bn_BD.properties" shared="false" uninstallMode="0"/>
<entry name="scripts\templates\session\Session Management default template.js" shared="false" uninstallMode="0"/>
<entry name="uninstall.exe" shared="false" uninstallMode="0"/>
<entry name="scripts\templates\authentication\Wordpress Authentication.js" shared="false" uninstallMode="0"/>
<entry name="ZAP.exe" shared="false" uninstallMode="0"/>
<entry name="lang\vulnerabilities_vi_VN.xml" shared="false" uninstallMode="0"/>
<entry name="zap.bat" shared="false" uninstallMode="0"/>
<entry name="lang\vulnerabilities.xml" shared="false" uninstallMode="0"/>
<entry name="lang\Messages_sr_SP.properties" shared="false" uninstallMode="0"/>
<entry name="lib\log4j-api-2.14.0.jar" shared="false" uninstallMode="0"/>
<entry name="lang\Messages_vi_VN.properties" shared="false" uninstallMode="0"/>
<entry name=".install4j\i4j_extf_16_1bmhzww_16vgtkw.png" shared="false" uninstallMode="2"/>
<entry name=".install4j\i4j_extf_7_1bmhzww.utf8" shared="false" uninstallMode="2"/>
<entry name="lib\swingx-all-1.6.5-1.jar" shared="false" uninstallMode="0"/>
<entry name="lang\Messages_de_DE.properties" shared="false" uninstallMode="0"/>
<entry name="lang\vulnerabilities_ja_JP.xml" shared="false" uninstallMode="0"/>
<entry name=".install4j\i4j_extf_14_1bmhzww_dcvdhj.png" shared="false" uninstallMode="2"/>
<entry name="lang\Messages_pl_PL.properties" shared="false" uninstallMode="0"/>
<entry name="lang\vulnerabilities_es_ES.xml" shared="false" uninstallMode="0"/>
<entry name="lang\vulnerabilities_id_ID.xml" shared="false" uninstallMode="0"/>
<entry name="scripts\templates\passive\Passive default template.js" shared="false" uninstallMode="0"/>
<entry name="plugin\directorylistv1-release-4.zap" shared="false" uninstallMode="0"/>
<entry name="plugin\graphql-alpha-0.2.0.zap" shared="false" uninstallMode="0"/>
<entry name="lang\vulnerabilities_de_DE.xml" shared="false" uninstallMode="0"/>
<entry name="license\lgpl-3.0.txt" shared="false" uninstallMode="0"/>
<entry name="lang\Messages_sl_SI.properties" shared="false" uninstallMode="0"/>
<entry name="license\OFL.txt" shared="false" uninstallMode="0"/>
<entry name="plugin\gettingStarted-release-12.zap" shared="false" uninstallMode="0"/>
<entry name="lang\Messages_hi_IN.properties" shared="false" uninstallMode="0"/>
<entry name="plugin\replacer-beta-8.zap" shared="false" uninstallMode="0"/>
<entry name="db\db.properties" shared="false" uninstallMode="0"/>
<entry name="scripts\templates\proxy\Proxy default template.js" shared="false" uninstallMode="0"/>
<entry name="lang\vulnerabilities_ms_MY.xml" shared="false" uninstallMode="0"/>
<entry name="scripts\templates\standalone\Loop through history table.js" shared="false" uninstallMode="0"/>
<entry name=".install4j\install.prop" shared="false" uninstallMode="0"/>
<entry name="lib\commons-digester-2.1.jar" shared="false" uninstallMode="0"/>
<entry name="plugin\soap-alpha-4.zap" shared="false" uninstallMode="0"/>
<entry name=".install4j\i4j_extf_0_1bmhzww.utf8" shared="false" uninstallMode="2"/>
<entry name="plugin\selenium-release-15.3.0.zap" shared="false" uninstallMode="0"/>
<entry name="lib\bcmail-jdk15on-1.67.jar" shared="false" uninstallMode="0"/>
<entry name="plugin\pscanrules-release-31.zap" shared="false" uninstallMode="0"/>
<entry name="lang\Messages.properties" shared="false" uninstallMode="0"/>
<entry name="lang\Messages_ur_PK.properties" shared="false" uninstallMode="0"/>
<entry name="lang\vulnerabilities_ru_RU.xml" shared="false" uninstallMode="0"/>
<entry name=".install4j\i4j_extf_6_1bmhzww.utf8" shared="false" uninstallMode="2"/>
<entry name="lang\Messages_bs_BA.properties" shared="false" uninstallMode="0"/>
<entry name="plugin\encoder-beta-0.4.0.zap" shared="false" uninstallMode="0"/>
<entry name="lib\jgrapht-core-0.9.0.jar" shared="false" uninstallMode="0"/>
<entry name="lang\vulnerabilities_hu_HU.xml" shared="false" uninstallMode="0"/>
<entry name=".install4j\i4j_extf_8_1bmhzww.utf8" shared="false" uninstallMode="2"/>
<entry name="plugin\ascanrules-release-38.zap" shared="false" uninstallMode="0"/>
<entry name="lang\vulnerabilities_uk_UA.xml" shared="false" uninstallMode="0"/>
<entry name="lib\commons-logging-1.2.jar" shared="false" uninstallMode="0"/>
<entry name="lang\vulnerabilities_nl_NL.xml" shared="false" uninstallMode="0"/>
<entry name="lang\Messages_si_LK.properties" shared="false" uninstallMode="0"/>
<entry name="lang\Messages_hu_HU.properties" shared="false" uninstallMode="0"/>
<entry name="lang\vulnerabilities_nb_NO.xml" shared="false" uninstallMode="0"/>
<entry name="plugin\bruteforce-beta-10.zap" shared="false" uninstallMode="0"/>
<entry name="lang\vulnerabilities_mk_MK.xml" shared="false" uninstallMode="0"/>
<entry name="plugin\commonlib-release-1.2.0.zap" shared="false" uninstallMode="0"/>
<entry name=".install4j\i4j_extf_21_1bmhzww_18gg8kx.png" shared="false" uninstallMode="2"/>
<entry name="lib\jackson-core-asl-1.8.5.jar" shared="false" uninstallMode="0"/>
<entry name="xml\reportCompare.xsl" shared="false" uninstallMode="0"/>
<entry name="lang\Messages_tr_TR.properties" shared="false" uninstallMode="0"/>
<entry name="plugin\webdriverwindows-release-23.zap" shared="false" uninstallMode="0"/>
<entry name="lang\Messages_da_DK.properties" shared="false" uninstallMode="0"/>
<entry name="plugin\onlineMenu-release-8.zap" shared="false" uninstallMode="0"/>
<entry name="scripts\templates\authentication\BodgeIt Store Authentication.js" shared="false" uninstallMode="0"/>
<entry name="lang\vulnerabilities_yo_NG.xml" shared="false" uninstallMode="0"/>
<entry name=".install4j\i4j_extf_5_1bmhzww.utf8" shared="false" uninstallMode="2"/>
<entry name="plugin\reveal-release-3.zap" shared="false" uninstallMode="0"/>
<entry name="lang\Messages_fil_PH.properties" shared="false" uninstallMode="0"/>
<entry name="db\hsqldb.properties" shared="false" uninstallMode="0"/>
<entry name="lang\Messages_fr_FR.properties" shared="false" uninstallMode="0"/>
<entry name="lang\vulnerabilities_hr_HR.xml" shared="false" uninstallMode="0"/>
<entry name="lang\Messages_yo_NG.properties" shared="false" uninstallMode="0"/>
<entry name="lib\bcprov-jdk15on-1.67.jar" shared="false" uninstallMode="0"/>
<entry name=".install4j\i4j_extf_19_1bmhzww_18mu4rr.ico" shared="false" uninstallMode="2"/>
<entry name="plugin\savexmlmessage-alpha-0.1.0.zap" shared="false" uninstallMode="0"/>
<entry name="plugin\websocket-release-22.zap" shared="false" uninstallMode="0"/>
<entry name="lang\Messages_it_IT.properties" shared="false" uninstallMode="0"/>
<entry name=".install4j\i4j_extf_18_1bmhzww.txt" shared="false" uninstallMode="2"/>
<entry name="lang\vulnerabilities_ha_HG.xml" shared="false" uninstallMode="0"/>
<entry name="lang\vulnerabilities_ko_KR.xml" shared="false" uninstallMode="0"/>
<entry name="lib\commons-lang-2.6.jar" shared="false" uninstallMode="0"/>
<entry name="plugin\spiderAjax-release-23.2.0.zap" shared="false" uninstallMode="0"/>
<entry name="license\gpl-2.0.txt" shared="false" uninstallMode="0"/>
<entry name="C:\Users\Public\Desktop\OWASP ZAP 2.10.0.lnk" shared="false" uninstallMode="2"/>
<entry name="scripts\templates\session\Juice Shop Session Management.js" shared="false" uninstallMode="0"/>
<entry name="lib\ice4j-1.0.jar" shared="false" uninstallMode="0"/>
<entry name="lib\commons-jxpath-1.3.jar" shared="false" uninstallMode="0"/>
<entry name="lib\commons-codec-1.15.jar" shared="false" uninstallMode="0"/>
<entry name="lang\vulnerabilities_ceb_PH.xml" shared="false" uninstallMode="0"/>
<entry name="lib\sqlite-jdbc-3.32.3.2.jar" shared="false" uninstallMode="0"/>
<entry name="plugin\invoke-beta-10.zap" shared="false" uninstallMode="0"/>
<entry name="license\TheClarifiedArtisticLicense.htm" shared="false" uninstallMode="0"/>
<entry name="lang\vulnerabilities_ar_SA.xml" shared="false" uninstallMode="0"/>
<entry name="xml\drivers.xml" shared="false" uninstallMode="0"/>
<entry name=".install4j\autoUninstall.1" shared="false" uninstallMode="0"/>
<entry name="xml\config.xml" shared="false" uninstallMode="0"/>
<entry name="lang\Messages_uk_UA.properties" shared="false" uninstallMode="0"/>
<entry name="lang\vulnerabilities_ur_PK.xml" shared="false" uninstallMode="0"/>
<entry name="lang\Messages_ko_KR.properties" shared="false" uninstallMode="0"/>
<entry name="scripts\templates\authentication\Authentication default template.js" shared="false" uninstallMode="0"/>
<entry name="lang\vulnerabilities_sr_SP.xml" shared="false" uninstallMode="0"/>
<entry name="lib\ezmorph-1.0.6.jar" shared="false" uninstallMode="0"/>
<entry name=".install4j\i4j_extf_12_1bmhzww.utf8" shared="false" uninstallMode="2"/>
<entry name="lang\Messages_ja_JP.properties" shared="false" uninstallMode="0"/>
<entry name="lang\Messages_ro_RO.properties" shared="false" uninstallMode="0"/>
<entry name="lib\javahelp-2.0.05.jar" shared="false" uninstallMode="0"/>
<entry name="lib\commons-text-1.9.jar" shared="false" uninstallMode="0"/>
<entry name="plugin\saverawmessage-release-5.zap" shared="false" uninstallMode="0"/>
<entry name="lib\hsqldb-2.5.1.jar" shared="false" uninstallMode="0"/>
<entry name="lib\flatlaf-0.45.jar" shared="false" uninstallMode="0"/>
<entry name="lang\Messages_ar_SA.properties" shared="false" uninstallMode="0"/>
<entry name="plugin\hud-beta-0.12.0.zap" shared="false" uninstallMode="0"/>
<entry name=".install4j\i4j_extf_9_1bmhzww.utf8" shared="false" uninstallMode="2"/>
<entry name="plugin\alertFilters-release-10.zap" shared="false" uninstallMode="0"/>
<entry name="scripts\templates\standalone\Standalone default template.js" shared="false" uninstallMode="0"/>
<entry name=".install4j\i4j_extf_1_1bmhzww.properties" shared="false" uninstallMode="2"/>
<entry name="lib\bcpkix-jdk15on-1.67.jar" shared="false" uninstallMode="0"/>
<entry name="lang\vulnerabilities_fa_IR.xml" shared="false" uninstallMode="0"/>
<entry name="plugin\openapi-beta-17.zap" shared="false" uninstallMode="0"/>
<entry name="scripts\templates\variant\Site modifying JSON example.js" shared="false" uninstallMode="0"/>
<entry name="lang\Messages_ha_HG.properties" shared="false" uninstallMode="0"/>
<entry name="lib\commons-collections-3.2.2.jar" shared="false" uninstallMode="0"/>
<entry name="lib\jericho-html-3.4.jar" shared="false" uninstallMode="0"/>
<entry name="lang\vulnerabilities_pl_PL.xml" shared="false" uninstallMode="0"/>
<entry name="xml\drivers.dtd" shared="false" uninstallMode="0"/>
<entry name="lib\commons-validator-1.7.jar" shared="false" uninstallMode="0"/>
<entry name="license\COPYING" shared="false" uninstallMode="0"/>
<entry name="plugin\importurls-beta-7.zap" shared="false" uninstallMode="0"/>
<entry name=".install4j\inst_jre.cfg" shared="false" uninstallMode="0"/>
<entry name="lang\Messages_mk_MK.properties" shared="false" uninstallMode="0"/>
<entry name="lang\vulnerabilities_it_IT.xml" shared="false" uninstallMode="0"/>
<entry name=".install4j\i4j_extf_13_1bmhzww.utf8" shared="false" uninstallMode="2"/>
<entry name="plugin\scripts-beta-27.zap" shared="false" uninstallMode="0"/>
<entry name=".install4j\i4j_extf_3_1bmhzww.utf8" shared="false" uninstallMode="2"/>
<entry name="scripts\templates\authentication\Simple Form-Based Authentication.js" shared="false" uninstallMode="0"/>
<entry name="lib\xom-1.2.10.jar" shared="false" uninstallMode="0"/>
<entry name="xml\common-user-agents.txt" shared="false" uninstallMode="0"/>
<entry name="lang\Messages_sk_SK.properties" shared="false" uninstallMode="0"/>
<entry name="lang\vulnerabilities_bs_BA.xml" shared="false" uninstallMode="0"/>
<entry name="scripts\templates\variant\Input Vector default template.js" shared="false" uninstallMode="0"/>
<entry name=".install4j\response.varfile" shared="false" uninstallMode="0"/>
<entry name="lang\Messages_sq_AL.properties" shared="false" uninstallMode="0"/>
<entry name="plugin\zest-beta-33.zap" shared="false" uninstallMode="0"/>
<entry name=".install4j\i4jdel.exe" shared="false" uninstallMode="0"/>
<entry name="lib\log4j-1.2-api-2.14.0.jar" shared="false" uninstallMode="0"/>
<entry name="lib\commons-configuration-1.10.jar" shared="false" uninstallMode="0"/>
<entry name="lang\vulnerabilities_si_LK.xml" shared="false" uninstallMode="0"/>
<entry name="lang\Messages_he_IL.properties" shared="false" uninstallMode="0"/>
<entry name="license\TheClarifiedArtisticLicense.rtf" shared="false" uninstallMode="0"/>
<entry name="lib\commons-lang3-3.11.jar" shared="false" uninstallMode="0"/>
<entry name="lang\vulnerabilities_pcm_NG.xml" shared="false" uninstallMode="0"/>
<entry name="lang\Messages_fa_IR.properties" shared="false" uninstallMode="0"/>
<entry name=".install4j\i4j_extf_21_1bmhzww_18gg8kx@2x.png" shared="false" uninstallMode="2"/>
<entry name="lang\vulnerabilities_pt_BR.xml" shared="false" uninstallMode="0"/>
<entry name=".install4j\installer.ico" shared="false" uninstallMode="2"/>
<entry name=".install4j\i4j_extf_4_1bmhzww.utf8" shared="false" uninstallMode="2"/>
<entry name="db\mysql.schema" shared="false" uninstallMode="0"/>
<entry name="scripts\templates\targeted\Targeted default template.js" shared="false" uninstallMode="0"/>
<entry name=".install4j\i4j_extf_2_1bmhzww.utf8" shared="false" uninstallMode="2"/>
<entry name=".install4j\stats.properties" shared="false" uninstallMode="2"/>
<entry name="xml\report.html.xsl" shared="false" uninstallMode="0"/>
<entry name="plugin\formhandler-beta-3.zap" shared="false" uninstallMode="0"/>
<entry name="xml\report.md.xsl" shared="false" uninstallMode="0"/>
<entry name="db\zapdb.script" shared="false" uninstallMode="0"/>
<entry name="scripts\templates\httpsender\AddZapHeader.js" shared="false" uninstallMode="0"/>
<entry name="plugin\help-release-11.zap" shared="false" uninstallMode="0"/>
<entry name="lib\harlib-1.1.2.jar" shared="false" uninstallMode="0"/>
<entry name="lang\vulnerabilities_da_DK.xml" shared="false" uninstallMode="0"/>
<entry name="lang\vulnerabilities_fr_FR.xml" shared="false" uninstallMode="0"/>
<entry name="lang\Messages_zh_CN.properties" shared="false" uninstallMode="0"/>
<entry name="license\hypersonic_lic.txt" shared="false" uninstallMode="0"/>
<entry name="lang\vulnerabilities_sr_CS.xml" shared="false" uninstallMode="0"/>
<entry name="plugin\graaljs-alpha-0.1.0.zap" shared="false" uninstallMode="0"/>
<entry name="lib\commons-beanutils-1.9.4.jar" shared="false" uninstallMode="0"/>
<entry name="lib\commons-httpclient-3.1.jar" shared="false" uninstallMode="0"/>
<entry name=".install4j\i4j_extf_20_1bmhzww_1gk1b9c.png" shared="false" uninstallMode="2"/>
<entry name="license\RSyntaxTextArea.License.txt" shared="false" uninstallMode="0"/>
<entry name="zap.ico" shared="false" uninstallMode="0"/>
</createdFiles>
<createdDirs>
<entry name="C:\ProgramData\Microsoft\Windows\Start Menu\Programs\OWASP\Zed Attack Proxy" shared="false" uninstallMode="0"/>
<entry name="C:\ProgramData\Microsoft\Windows\Start Menu\Programs\OWASP" shared="false" uninstallMode="0"/>
<entry name="xml" shared="false" uninstallMode="0"/>
<entry name="scripts\templates\variant" shared="false" uninstallMode="0"/>
<entry name="scripts\templates\targeted" shared="false" uninstallMode="0"/>
<entry name="scripts\templates\standalone" shared="false" uninstallMode="0"/>
<entry name="scripts\templates\session" shared="false" uninstallMode="0"/>
<entry name="scripts\templates\proxy" shared="false" uninstallMode="0"/>
<entry name="scripts\templates\passive" shared="false" uninstallMode="0"/>
<entry name="scripts\templates\httpsender" shared="false" uninstallMode="0"/>
<entry name="scripts\templates\authentication" shared="false" uninstallMode="0"/>
<entry name="scripts\templates\active" shared="false" uninstallMode="0"/>
<entry name="scripts\templates" shared="false" uninstallMode="0"/>
<entry name="scripts" shared="false" uninstallMode="0"/>
<entry name="plugin" shared="false" uninstallMode="0"/>
<entry name="license" shared="false" uninstallMode="0"/>
<entry name="lib" shared="false" uninstallMode="0"/>
<entry name="lang" shared="false" uninstallMode="0"/>
<entry name="db" shared="false" uninstallMode="0"/>
<entry name=".install4j" shared="false" uninstallMode="0"/>
<entry name="." shared="false" uninstallMode="0"/>
<entry name="C:\Program Files\OWASP" shared="false" uninstallMode="0"/>
</createdDirs>
</fileLog>
